{"level":"\u001b[32minfo\u001b[39m","message":"POST /api/checkAuth 401 2ms","meta":{}}
{"level":"\u001b[32minfo\u001b[39m","message":"POST /api/checkAuth 401 1ms","meta":{}}
{"level":"info","message":"POST /api/checkAuth 401 2ms","meta":{}}
{"level":"info","message":"POST /api/checkAuth 401 2ms","meta":{}}
{"level":"info","message":"POST /api/checkAuth 401 1ms","meta":{}}
{"level":"info","message":"POST /api/auth/register 400 100ms","meta":{}}
{"level":"info","message":"POST /api/auth/register 400 3ms","meta":{}}
{"level":"info","message":"POST /api/auth/register 400 2ms","meta":{}}
{"level":"info","message":"POST /api/auth/register 400 3ms","meta":{}}
{"level":"info","message":"POST /api/auth/register 400 3ms","meta":{}}
{"level":"info","message":"POST /api/auth/register 400 2ms","meta":{}}
{"level":"info","message":"POST /api/checkAuth 401 0ms","meta":{}}
{"level":"info","message":"POST /api/auth/register 400 2ms","meta":{}}
{"level":"info","message":"POST /api/auth/register 400 2ms","meta":{}}
{"level":"info","message":"POST /api/auth/register 400 2ms","meta":{}}
{"level":"info","message":"POST /api/auth/register 400 2ms","meta":{}}
{"level":"info","message":"POST /api/auth/register 400 2ms","meta":{}}
{"level":"info","message":"POST /api/auth/register 200 7ms","meta":{}}
{"level":"info","message":"POST /api/auth/register 200 10ms","meta":{}}
{"level":"info","message":"POST /api/auth/register 200 15ms","meta":{}}
{"level":"info","message":"POST /api/auth/register 200 6ms","meta":{}}
{"level":"info","message":"POST /api/auth/register 200 4ms","meta":{}}
{"level":"info","message":"POST /api/auth/register 201 319ms","meta":{}}
{"level":"info","message":"POST /api/checkAuth 401 2ms","meta":{}}
{"level":"info","message":"POST /api/checkAuth 401 1ms","meta":{}}
{"level":"info","message":"POST /api/checkAuth 401 1ms","meta":{}}
{"level":"info","message":"POST /api/checkAuth 401 1ms","meta":{}}
{"level":"info","message":"POST /api/checkAuth 401 0ms","meta":{}}
{"level":"info","message":"POST /api/checkAuth 401 0ms","meta":{}}
{"level":"info","message":"POST /api/checkAuth 401 0ms","meta":{}}
{"level":"info","message":"POST /api/checkAuth 401 0ms","meta":{}}
{"level":"info","message":"POST /api/checkAuth 401 0ms","meta":{}}
{"level":"info","message":"POST /api/checkAuth 401 0ms","meta":{}}
{"level":"info","message":"POST /api/checkAuth 401 1ms","meta":{}}
{"level":"info","message":"POST /api/checkAuth 401 0ms","meta":{}}
{"level":"info","message":"POST /api/checkAuth 401 0ms","meta":{}}
{"level":"info","message":"POST /api/checkAuth 401 1ms","meta":{}}
{"level":"info","message":"POST /api/checkAuth 401 0ms","meta":{}}
{"level":"info","message":"POST /api/checkAuth 401 0ms","meta":{}}
{"level":"info","message":"POST /api/checkAuth 401 0ms","meta":{}}
{"level":"info","message":"POST /api/checkAuth 401 0ms","meta":{}}
{"level":"info","message":"POST /api/checkAuth 401 1ms","meta":{}}
{"level":"info","message":"POST /api/checkAuth 401 0ms","meta":{}}
{"level":"info","message":"POST /api/checkAuth 401 0ms","meta":{}}
{"level":"info","message":"POST /api/checkAuth 401 0ms","meta":{}}
{"level":"info","message":"POST /api/checkAuth 401 0ms","meta":{}}
{"level":"info","message":"POST /api/checkAuth 401 0ms","meta":{}}
{"level":"info","message":"POST /api/checkAuth 401 0ms","meta":{}}
{"level":"info","message":"POST /api/checkAuth 401 0ms","meta":{}}
{"level":"info","message":"POST /api/auth/register 201 604ms","meta":{}}
{"level":"info","message":"POST /api/checkAuth 401 0ms","meta":{}}
{"level":"info","message":"POST /api/checkAuth 401 1ms","meta":{}}
{"level":"info","message":"POST /api/auth/register 201 260ms","meta":{}}
{"level":"info","message":"GET /rooms/ 304 1ms","meta":{}}
{"level":"info","message":"POST /api/checkAuth 401 1ms","meta":{}}
{"level":"info","message":"GET /rooms/ 304 1ms","meta":{}}
{"level":"info","message":"POST /api/checkAuth 401 1ms","meta":{}}
{"level":"info","message":"POST /api/checkAuth 401 1ms","meta":{}}
{"level":"info","message":"GET /rooms/ 304 0ms","meta":{}}
{"level":"info","message":"POST /api/checkAuth 401 0ms","meta":{}}
{"level":"info","message":"GET /rooms/ 304 0ms","meta":{}}
{"level":"info","message":"POST /api/checkAuth 401 0ms","meta":{}}
{"level":"info","message":"POST /api/checkAuth 401 0ms","meta":{}}
{"level":"info","message":"GET /rooms/ 304 0ms","meta":{}}
{"level":"info","message":"POST /api/checkAuth 401 0ms","meta":{}}
{"level":"info","message":"GET /rooms/ 304 0ms","meta":{}}
{"level":"info","message":"POST /api/checkAuth 401 0ms","meta":{}}
{"level":"info","message":"POST /api/checkAuth 401 0ms","meta":{}}
{"level":"info","message":"GET /rooms/ 304 0ms","meta":{}}
{"level":"info","message":"POST /api/checkAuth 401 0ms","meta":{}}
{"level":"info","message":"GET /rooms/ 304 0ms","meta":{}}
{"level":"info","message":"POST /api/checkAuth 401 0ms","meta":{}}
{"level":"info","message":"GET /rooms/ 304 0ms","meta":{}}
{"level":"info","message":"POST /api/checkAuth 401 0ms","meta":{}}
{"level":"info","message":"POST /api/checkAuth 401 0ms","meta":{}}
{"level":"info","message":"POST /api/checkAuth 401 0ms","meta":{}}
{"level":"info","message":"POST /api/checkAuth 401 0ms","meta":{}}
{"level":"info","message":"POST /api/checkAuth 401 1ms","meta":{}}
{"level":"info","message":"POST /api/checkAuth 401 0ms","meta":{}}
{"level":"info","message":"POST /api/checkAuth 401 0ms","meta":{}}
{"level":"info","message":"GET /rooms/ 304 0ms","meta":{}}
{"level":"info","message":"GET /rooms/ 304 0ms","meta":{}}
{"level":"info","message":"POST /api/checkAuth 401 0ms","meta":{}}
{"level":"info","message":"POST /api/checkAuth 401 1ms","meta":{}}
{"level":"info","message":"GET /rooms/ 304 0ms","meta":{}}
{"level":"info","message":"POST /api/checkAuth 401 0ms","meta":{}}
{"level":"info","message":"GET /rooms/ 304 0ms","meta":{}}
{"level":"info","message":"POST /api/checkAuth 401 0ms","meta":{}}
{"level":"info","message":"GET /rooms/ 304 1ms","meta":{}}
{"level":"info","message":"POST /api/checkAuth 401 0ms","meta":{}}
{"level":"info","message":"GET /rooms/ 304 1ms","meta":{}}
{"level":"info","message":"POST /api/checkAuth 401 0ms","meta":{}}
{"level":"info","message":"GET /rooms/ 200 0ms","meta":{}}
{"level":"info","message":"POST /api/checkAuth 401 0ms","meta":{}}
{"level":"info","message":"GET /rooms/ 304 1ms","meta":{}}
{"level":"info","message":"POST /api/checkAuth 401 0ms","meta":{}}
{"level":"info","message":"POST /api/checkAuth 401 0ms","meta":{}}
{"level":"info","message":"GET /rooms/ 304 0ms","meta":{}}
{"level":"info","message":"GET /rooms/ 304 0ms","meta":{}}
{"level":"info","message":"POST /api/checkAuth 401 0ms","meta":{}}
{"level":"info","message":"POST /api/checkAuth 401 1ms","meta":{}}
{"level":"info","message":"GET /rooms/ 304 1ms","meta":{}}
{"level":"info","message":"POST /api/checkAuth 401 0ms","meta":{}}
{"level":"info","message":"POST /api/checkAuth 401 0ms","meta":{}}
{"level":"info","message":"GET /rooms/ 304 0ms","meta":{}}
{"level":"info","message":"POST /api/checkAuth 401 1ms","meta":{}}
{"level":"info","message":"POST /api/checkAuth 401 0ms","meta":{}}
{"level":"info","message":"POST /api/checkAuth 401 1ms","meta":{}}
{"level":"info","message":"POST /api/checkAuth 401 1ms","meta":{}}
{"level":"info","message":"POST /api/checkAuth 401 0ms","meta":{}}
{"level":"info","message":"POST /api/checkAuth 401 0ms","meta":{}}
{"level":"info","message":"GET /rooms/ 304 0ms","meta":{}}
{"level":"info","message":"POST /api/checkAuth 401 0ms","meta":{}}
{"level":"info","message":"POST /api/checkAuth 401 0ms","meta":{}}
{"level":"info","message":"POST /api/checkAuth 401 0ms","meta":{}}
{"level":"info","message":"POST /api/checkAuth 401 0ms","meta":{}}
{"level":"info","message":"POST /api/checkAuth 401 0ms","meta":{}}
{"level":"info","message":"POST /api/checkAuth 401 0ms","meta":{}}
{"level":"info","message":"POST /api/checkAuth 401 0ms","meta":{}}
{"level":"info","message":"POST /api/checkAuth 401 0ms","meta":{}}
{"level":"info","message":"POST /api/checkAuth 401 0ms","meta":{}}
{"level":"info","message":"POST /api/checkAuth 401 1ms","meta":{}}
{"level":"info","message":"POST /api/checkAuth 401 1ms","meta":{}}
{"level":"info","message":"POST /api/checkAuth 401 0ms","meta":{}}
{"level":"info","message":"POST /api/checkAuth 401 0ms","meta":{}}
{"level":"info","message":"POST /api/auth/register 200 4ms","meta":{}}
{"level":"info","message":"POST /api/checkAuth 401 0ms","meta":{}}
{"level":"info","message":"POST /api/checkAuth 401 1ms","meta":{}}
{"level":"info","message":"POST /api/checkAuth 401 0ms","meta":{}}
{"level":"info","message":"POST /api/checkAuth 401 0ms","meta":{}}
{"level":"info","message":"POST /api/checkAuth 401 1ms","meta":{}}
{"level":"info","message":"POST /api/checkAuth 401 1ms","meta":{}}
{"level":"info","message":"POST /api/checkAuth 401 1ms","meta":{}}
{"level":"info","message":"POST /api/checkAuth 401 0ms","meta":{}}
{"level":"info","message":"POST /api/checkAuth 401 0ms","meta":{}}
{"level":"info","message":"GET /rooms/ 304 0ms","meta":{}}
{"level":"info","message":"POST /api/checkAuth 401 0ms","meta":{}}
{"level":"info","message":"POST /api/checkAuth 401 1ms","meta":{}}
{"level":"info","message":"GET /rooms/ 304 0ms","meta":{}}
{"level":"info","message":"POST /api/checkAuth 401 0ms","meta":{}}
{"level":"info","message":"POST /api/checkAuth 401 0ms","meta":{}}
{"level":"info","message":"GET /rooms/ 304 1ms","meta":{}}
{"level":"info","message":"POST /api/checkAuth 401 0ms","meta":{}}
{"level":"info","message":"POST /api/checkAuth 401 0ms","meta":{}}
{"level":"info","message":"POST /api/checkAuth 401 0ms","meta":{}}
{"level":"info","message":"POST /api/checkAuth 401 1ms","meta":{}}
{"level":"info","message":"POST /api/checkAuth 401 1ms","meta":{}}
{"level":"info","message":"POST /api/checkAuth 401 0ms","meta":{}}
{"level":"info","message":"POST /api/checkAuth 401 0ms","meta":{}}
{"level":"info","message":"POST /api/checkAuth 401 0ms","meta":{}}
{"level":"info","message":"POST /api/checkAuth 401 0ms","meta":{}}
{"level":"info","message":"POST /api/auth/login 400 3ms","meta":{}}
{"level":"info","message":"POST /api/checkAuth 401 0ms","meta":{}}
{"level":"info","message":"POST /api/checkAuth 401 2ms","meta":{}}
{"level":"info","message":"POST /api/checkAuth 401 1ms","meta":{}}
{"level":"info","message":"POST /api/checkAuth 401 2ms","meta":{}}
{"level":"info","message":"POST /api/checkAuth 401 0ms","meta":{}}
{"level":"info","message":"POST /api/checkAuth 401 1ms","meta":{}}
{"level":"info","message":"POST /api/checkAuth 401 0ms","meta":{}}
{"level":"info","message":"POST /api/checkAuth 401 1ms","meta":{}}
{"level":"info","message":"POST /api/checkAuth 401 0ms","meta":{}}
{"level":"info","message":"POST /api/checkAuth 401 0ms","meta":{}}
{"level":"info","message":"POST /api/checkAuth 401 2ms","meta":{}}
{"level":"info","message":"POST /api/auth/register 201 314ms","meta":{}}
{"level":"info","message":"POST /api/auth/register 200 5ms","meta":{}}
{"level":"info","message":"GET /rooms/ 200 0ms","meta":{}}
{"level":"info","message":"GET /rooms/ 304 0ms","meta":{}}
{"level":"info","message":"POST /api/checkAuth 401 1ms","meta":{}}
{"level":"info","message":"POST /api/auth/register 200 2ms","meta":{}}
{"level":"info","message":"GET /rooms/ 304 0ms","meta":{}}
{"level":"info","message":"GET /rooms/ 304 0ms","meta":{}}
{"level":"info","message":"POST /api/checkAuth 401 1ms","meta":{}}
{"level":"info","message":"POST /api/checkAuth 401 1ms","meta":{}}
{"level":"info","message":"POST /api/checkAuth 401 0ms","meta":{}}
{"level":"info","message":"POST /api/checkAuth 500 2ms","meta":{}}
{"level":"info","message":"POST /api/checkAuth 500 1ms","meta":{}}
{"level":"info","message":"POST /api/auth/register 200 15ms","meta":{}}
{"level":"info","message":"GET /rooms/ 304 1ms","meta":{}}
{"level":"info","message":"GET /rooms/ 304 0ms","meta":{}}
{"level":"info","message":"POST /api/checkAuth 500 0ms","meta":{}}
{"level":"info","message":"POST /api/checkAuth 401 2ms","meta":{}}
{"level":"info","message":"POST /api/auth/register 200 15ms","meta":{}}
{"level":"info","message":"GET /rooms/ 304 0ms","meta":{}}
{"level":"info","message":"GET /rooms/ 304 1ms","meta":{}}
{"level":"info","message":"POST /api/checkAuth 401 1ms","meta":{}}
{"level":"info","message":"POST /api/auth/register 200 14ms","meta":{}}
{"level":"info","message":"GET /rooms/ 304 0ms","meta":{}}
{"level":"info","message":"GET /rooms/ 304 0ms","meta":{}}
{"level":"info","message":"POST /api/checkAuth 401 0ms","meta":{}}
{"level":"info","message":"POST /api/checkAuth 401 1ms","meta":{}}
{"level":"info","message":"POST /api/auth/register 200 6ms","meta":{}}
{"level":"info","message":"GET /rooms/ 304 0ms","meta":{}}
{"level":"info","message":"GET /rooms/ 304 0ms","meta":{}}
{"level":"info","message":"POST /api/checkAuth 401 0ms","meta":{}}
{"level":"info","message":"POST /api/checkAuth 401 1ms","meta":{}}
{"level":"info","message":"POST /api/auth/register 200 5ms","meta":{}}
{"level":"info","message":"POST /api/checkAuth 401 1ms","meta":{}}
{"level":"info","message":"POST /api/checkAuth 401 0ms","meta":{}}
{"level":"info","message":"POST /api/checkAuth 401 3ms","meta":{}}
{"level":"info","message":"POST /api/checkAuth 401 9ms","meta":{}}
{"level":"info","message":"POST /api/checkAuth 401 2ms","meta":{}}
{"level":"info","message":"POST /api/checkAuth 401 2ms","meta":{}}
{"level":"info","message":"POST /api/checkAuth 401 5ms","meta":{}}
{"level":"info","message":"POST /api/auth/register 200 15ms","meta":{}}
{"level":"info","message":"POST /api/checkAuth 401 1ms","meta":{}}
{"level":"info","message":"POST /api/checkAuth 401 2ms","meta":{}}
{"level":"info","message":"POST /api/checkAuth 401 1ms","meta":{}}
{"level":"info","message":"POST /api/checkAuth 401 0ms","meta":{}}
{"level":"info","message":"POST /api/checkAuth 401 1ms","meta":{}}
{"level":"info","message":"POST /api/checkAuth 401 0ms","meta":{}}
{"level":"info","message":"POST /api/checkAuth 401 0ms","meta":{}}
{"level":"info","message":"POST /api/checkAuth 401 0ms","meta":{}}
{"level":"info","message":"POST /api/auth/register 200 15ms","meta":{}}
{"level":"info","message":"POST /api/checkAuth 401 1ms","meta":{}}
{"level":"info","message":"POST /api/auth/register 200 4ms","meta":{}}
{"level":"info","message":"POST /api/checkAuth 401 0ms","meta":{}}
{"level":"info","message":"POST /api/auth/register 200 2ms","meta":{}}
{"level":"info","message":"POST /api/checkAuth 401 2ms","meta":{}}
{"level":"info","message":"POST /api/auth/register 200 15ms","meta":{}}
{"level":"info","message":"POST /api/checkAuth 401 1ms","meta":{}}
{"level":"info","message":"POST /api/checkAuth 401 1ms","meta":{}}
{"level":"info","message":"POST /api/auth/register 200 15ms","meta":{}}
{"level":"info","message":"POST /api/checkAuth 401 2ms","meta":{}}
{"level":"info","message":"POST /api/auth/register 200 15ms","meta":{}}
{"level":"info","message":"POST /api/checkAuth 401 2ms","meta":{}}
{"level":"info","message":"POST /api/auth/register 200 14ms","meta":{}}
{"level":"info","message":"POST /api/checkAuth 401 0ms","meta":{}}
{"level":"info","message":"POST /api/checkAuth 401 0ms","meta":{}}
{"level":"info","message":"POST /api/auth/register 200 14ms","meta":{}}
{"level":"info","message":"POST /api/checkAuth 401 1ms","meta":{}}
{"level":"info","message":"POST /api/auth/register 200 14ms","meta":{}}
{"level":"info","message":"POST /api/checkAuth 401 0ms","meta":{}}
{"level":"info","message":"POST /api/auth/login 200 287ms","meta":{}}
{"level":"info","message":"POST /api/checkAuth 401 0ms","meta":{}}
{"level":"info","message":"POST /api/auth/login 200 290ms","meta":{}}
{"level":"info","message":"POST /api/checkAuth 401 1ms","meta":{}}
{"level":"info","message":"POST /api/checkAuth 401 2ms","meta":{}}
{"level":"info","message":"POST /api/checkAuth 401 0ms","meta":{}}
{"level":"info","message":"POST /api/checkAuth 401 0ms","meta":{}}
{"level":"info","message":"POST /api/checkAuth 401 0ms","meta":{}}
{"level":"info","message":"POST /api/checkAuth 401 0ms","meta":{}}
{"level":"info","message":"POST /api/checkAuth 401 1ms","meta":{}}
{"level":"info","message":"POST /api/checkAuth 401 1ms","meta":{}}
{"level":"info","message":"POST /api/auth/login 200 289ms","meta":{}}
{"level":"info","message":"POST /api/checkAuth 401 1ms","meta":{}}
{"level":"info","message":"POST /api/checkAuth 401 0ms","meta":{}}
{"level":"info","message":"POST /api/checkAuth 401 0ms","meta":{}}
{"level":"info","message":"POST /api/checkAuth 401 0ms","meta":{}}
{"level":"info","message":"POST /api/checkAuth 401 0ms","meta":{}}
{"level":"info","message":"POST /api/auth/login 200 262ms","meta":{}}
{"level":"info","message":"POST /api/checkAuth 401 1ms","meta":{}}
{"level":"info","message":"POST /api/checkAuth 401 0ms","meta":{}}
{"level":"info","message":"POST /api/auth/login 200 255ms","meta":{}}
{"level":"info","message":"POST /api/checkAuth 401 0ms","meta":{}}
{"level":"info","message":"POST /api/checkAuth 401 2ms","meta":{}}
{"level":"info","message":"POST /api/checkAuth 401 2ms","meta":{}}
{"level":"info","message":"POST /api/checkAuth 401 0ms","meta":{}}
{"level":"info","message":"POST /api/checkAuth 401 1ms","meta":{}}
{"level":"info","message":"POST /api/checkAuth 401 0ms","meta":{}}
{"level":"info","message":"POST /api/checkAuth 401 0ms","meta":{}}
{"level":"info","message":"POST /api/auth/login 200 287ms","meta":{}}
{"level":"info","message":"POST /api/checkAuth 401 0ms","meta":{}}
{"level":"info","message":"POST /api/checkAuth 401 1ms","meta":{}}
{"level":"info","message":"POST /api/checkAuth 401 1ms","meta":{}}
{"level":"info","message":"POST /api/checkAuth 401 0ms","meta":{}}
{"level":"info","message":"POST /api/checkAuth 401 1ms","meta":{}}
{"level":"info","message":"POST /api/checkAuth 401 0ms","meta":{}}
{"level":"info","message":"POST /api/checkAuth 401 1ms","meta":{}}
{"level":"info","message":"POST /api/checkAuth 401 0ms","meta":{}}
{"level":"info","message":"POST /api/checkAuth 401 1ms","meta":{}}
{"level":"info","message":"POST /api/checkAuth 401 1ms","meta":{}}
{"level":"info","message":"POST /api/auth/login 400 258ms","meta":{}}
{"level":"info","message":"POST /api/auth/login 400 255ms","meta":{}}
{"level":"info","message":"POST /api/auth/login 200 257ms","meta":{}}
{"level":"info","message":"POST /api/checkAuth 401 0ms","meta":{}}
{"level":"info","message":"POST /api/checkAuth 401 1ms","meta":{}}
{"level":"info","message":"POST /api/checkAuth 401 1ms","meta":{}}
{"level":"info","message":"POST /api/checkAuth 401 3ms","meta":{}}
{"level":"info","message":"GET /main.feb0f5a28e4cd0285001.hot-update.json 404 1ms","meta":{}}
{"level":"info","message":"POST /api/checkAuth 401 2ms","meta":{}}
{"level":"info","message":"POST /api/checkAuth 401 0ms","meta":{}}
{"level":"info","message":"POST /api/auth/login 200 286ms","meta":{}}
{"level":"info","message":"POST /api/checkAuth 401 1ms","meta":{}}
{"level":"info","message":"POST /api/checkAuth 401 0ms","meta":{}}
{"level":"info","message":"POST /api/checkAuth 401 3ms","meta":{}}
{"level":"info","message":"POST /api/checkAuth 401 1ms","meta":{}}
{"level":"info","message":"POST /api/checkAuth 401 2ms","meta":{}}
{"level":"info","message":"POST /api/checkAuth 200 17ms","meta":{}}
{"level":"info","message":"POST /api/checkAuth 200 4ms","meta":{}}
{"level":"info","message":"POST /api/checkAuth 200 4ms","meta":{}}
{"level":"info","message":"POST /api/checkAuth 200 3ms","meta":{}}
{"level":"info","message":"POST /api/checkAuth 401 1ms","meta":{}}
{"level":"info","message":"POST /api/checkAuth 401 3ms","meta":{}}
{"level":"info","message":"POST /api/auth/login 200 280ms","meta":{}}
{"level":"info","message":"POST /api/checkAuth 200 5ms","meta":{}}
{"level":"info","message":"POST /api/checkAuth 200 3ms","meta":{}}
{"level":"info","message":"POST /api/checkAuth 200 12ms","meta":{}}
{"level":"info","message":"POST /api/checkAuth 200 3ms","meta":{}}
{"level":"info","message":"POST /api/checkAuth 200 4ms","meta":{}}
{"level":"info","message":"POST /api/checkAuth 200 2ms","meta":{}}
{"level":"info","message":"POST /api/checkAuth 200 2ms","meta":{}}
{"level":"info","message":"POST /api/checkAuth 200 2ms","meta":{}}
{"level":"info","message":"POST /api/checkAuth 200 2ms","meta":{}}
{"level":"info","message":"POST /api/checkAuth 200 2ms","meta":{}}
{"level":"info","message":"POST /api/checkAuth 200 3ms","meta":{}}
{"level":"info","message":"POST /api/checkAuth 200 3ms","meta":{}}
{"level":"info","message":"POST /api/checkAuth 200 2ms","meta":{}}
{"level":"info","message":"POST /api/checkAuth 200 2ms","meta":{}}
{"level":"info","message":"POST /api/checkAuth 200 3ms","meta":{}}
{"level":"info","message":"POST /api/checkAuth 200 2ms","meta":{}}
{"level":"info","message":"POST /api/checkAuth 200 3ms","meta":{}}
{"level":"info","message":"POST /api/auth/logout 200 1ms","meta":{}}
{"level":"info","message":"POST /api/checkAuth 401 0ms","meta":{}}
{"level":"info","message":"POST /api/auth/login 200 274ms","meta":{}}
{"level":"info","message":"POST /api/auth/logout 200 1ms","meta":{}}
{"level":"info","message":"POST /api/checkAuth 401 0ms","meta":{}}
{"level":"info","message":"POST /api/auth/login 200 259ms","meta":{}}
{"level":"info","message":"POST /api/checkAuth 200 2ms","meta":{}}
{"level":"info","message":"POST /api/auth/logout 200 0ms","meta":{}}
{"level":"info","message":"POST /api/checkAuth 401 0ms","meta":{}}
{"level":"info","message":"POST /api/auth/login 200 253ms","meta":{}}
{"level":"info","message":"POST /api/checkAuth 200 3ms","meta":{}}
{"level":"info","message":"POST /api/checkAuth 200 2ms","meta":{}}
{"level":"info","message":"POST /api/checkAuth 200 2ms","meta":{}}
{"level":"info","message":"POST /api/checkAuth 200 2ms","meta":{}}
{"level":"info","message":"POST /api/auth/logout 200 0ms","meta":{}}
{"level":"info","message":"POST /api/checkAuth 401 0ms","meta":{}}
{"level":"info","message":"POST /api/auth/login 200 255ms","meta":{}}
{"level":"info","message":"POST /api/checkAuth 200 2ms","meta":{}}
{"level":"info","message":"POST /api/auth/logout 200 0ms","meta":{}}
{"level":"info","message":"POST /api/checkAuth 401 0ms","meta":{}}
{"level":"info","message":"POST /api/auth/login 200 252ms","meta":{}}
{"level":"info","message":"POST /api/auth/logout 200 0ms","meta":{}}
{"level":"info","message":"POST /api/auth/login 200 254ms","meta":{}}
{"level":"info","message":"POST /api/checkAuth 200 2ms","meta":{}}
{"level":"info","message":"POST /api/auth/logout 200 1ms","meta":{}}
{"level":"info","message":"POST /api/auth/login 200 262ms","meta":{}}
{"level":"info","message":"POST /api/auth/logout 200 0ms","meta":{}}
{"level":"info","message":"POST /api/checkAuth 401 0ms","meta":{}}
{"level":"info","message":"POST /api/auth/login 200 256ms","meta":{}}
{"level":"info","message":"POST /api/auth/logout 200 0ms","meta":{}}
{"level":"info","message":"POST /api/checkAuth 401 1ms","meta":{}}
